<?xml version="1.0" encoding="UTF-8"?>
<!-- Generated by org.testng.reporters.JUnitReportReporter -->
<testsuite hostname="DESKTOP-R6LGNLG" failures="0" tests="4" name="QualityKiosksTraining.OrangeHRMTestCases.TestCases.InvalidLoginTestCases" time="10.424" errors="0" timestamp="2021-06-03T12:52:10 IST" skipped="0">
  <testcase classname="QualityKiosksTraining.OrangeHRMTestCases.TestCases.InvalidLoginTestCases" name="TestLoginWithInValidCrdentials" time="1.789"/>
  <system-out/>
  <testcase classname="QualityKiosksTraining.OrangeHRMTestCases.TestCases.InvalidLoginTestCases" name="TestLoginWithInValidCrdentials" time="4.305"/>
  <system-out/>
  <testcase classname="QualityKiosksTraining.OrangeHRMTestCases.TestCases.InvalidLoginTestCases" name="TestLoginWithInValidCrdentials" time="2.239"/>
  <system-out/>
  <testcase classname="QualityKiosksTraining.OrangeHRMTestCases.TestCases.InvalidLoginTestCases" name="TestLoginWithInValidCrdentials" time="2.091"/>
  <system-out/>
</testsuite> <!-- QualityKiosksTraining.OrangeHRMTestCases.TestCases.InvalidLoginTestCases -->
