<?xml version="1.0" encoding="UTF-8"?>
<!-- Generated by org.testng.reporters.JUnitReportReporter -->
<testsuite hostname="DESKTOP-R6LGNLG" failures="0" tests="4" name="QualityKiosksTraining.OrangeHRMTestCases.TestCases.InvalidLoginTestCases" time="8.675" errors="0" timestamp="2021-06-03T13:29:24 IST" skipped="0">
  <testcase classname="QualityKiosksTraining.OrangeHRMTestCases.TestCases.InvalidLoginTestCases" name="TestLoginWithInValidCrdentials" time="2.957"/>
  <system-out/>
  <testcase classname="QualityKiosksTraining.OrangeHRMTestCases.TestCases.InvalidLoginTestCases" name="TestLoginWithInValidCrdentials" time="1.593"/>
  <system-out/>
  <testcase classname="QualityKiosksTraining.OrangeHRMTestCases.TestCases.InvalidLoginTestCases" name="TestLoginWithInValidCrdentials" time="3.095"/>
  <system-out/>
  <testcase classname="QualityKiosksTraining.OrangeHRMTestCases.TestCases.InvalidLoginTestCases" name="TestLoginWithInValidCrdentials" time="1.030"/>
  <system-out/>
</testsuite> <!-- QualityKiosksTraining.OrangeHRMTestCases.TestCases.InvalidLoginTestCases -->
