<?xml version="1.0" encoding="UTF-8"?>
<!-- Generated by org.testng.reporters.JUnitReportReporter -->
<testsuite hostname="DESKTOP-R6LGNLG" failures="0" tests="4" name="QualityKiosksTraining.OrangeHRMTestCases.TestCases.InvalidLoginTestCases" time="6.687" errors="0" timestamp="2021-06-04T09:16:33 IST" skipped="0">
  <testcase classname="QualityKiosksTraining.OrangeHRMTestCases.TestCases.InvalidLoginTestCases" name="TestLoginWithInValidCrdentials" time="3.331"/>
  <system-out/>
  <testcase classname="QualityKiosksTraining.OrangeHRMTestCases.TestCases.InvalidLoginTestCases" name="TestLoginWithInValidCrdentials" time="1.015"/>
  <system-out/>
  <testcase classname="QualityKiosksTraining.OrangeHRMTestCases.TestCases.InvalidLoginTestCases" name="TestLoginWithInValidCrdentials" time="1.500"/>
  <system-out/>
  <testcase classname="QualityKiosksTraining.OrangeHRMTestCases.TestCases.InvalidLoginTestCases" name="TestLoginWithInValidCrdentials" time="0.841"/>
  <system-out/>
</testsuite> <!-- QualityKiosksTraining.OrangeHRMTestCases.TestCases.InvalidLoginTestCases -->
